#
# There is insufficient memory for the Java Runtime Environment to continue.
# Native memory allocation (malloc) failed to allocate 32744 bytes. Error detail: ChunkPool::allocate
# Possible reasons:
#   The system is out of physical RAM or swap space
#   This process is running with CompressedOops enabled, and the Java Heap may be blocking the growth of the native heap
# Possible solutions:
#   Reduce memory load on the system
#   Increase physical memory or swap space
#   Check if swap backing store is full
#   Decrease Java heap size (-Xmx/-Xms)
#   Decrease number of Java threads
#   Decrease Java thread stack sizes (-Xss)
#   Set larger code cache with -XX:ReservedCodeCacheSize=
#   JVM is running with Unscaled Compressed Oops mode in which the Java heap is
#     placed in the first 4GB address space. The Java Heap base address is the
#     maximum limit for the native heap growth. Please use -XX:HeapBaseMinAddress
#     to set the Java Heap base and to place the Java Heap above 4GB virtual address.
# This output file may be truncated or incomplete.
#
#  Out of Memory Error (arena.cpp:79), pid=2400, tid=15084
#
# JRE version: OpenJDK Runtime Environment Microsoft-9388408 (17.0.11+9) (build 17.0.11+9-LTS)
# Java VM: OpenJDK 64-Bit Server VM Microsoft-9388408 (17.0.11+9-LTS, mixed mode, sharing, tiered, compressed oops, compressed class ptrs, g1 gc, windows-amd64)
# No core dump will be written. Minidumps are not enabled by default on client versions of Windows
#

---------------  S U M M A R Y ------------

Command Line: --add-opens=java.base/java.lang=ALL-UNNAMED --add-opens=java.base/java.lang.invoke=ALL-UNNAMED --add-opens=java.base/java.util=ALL-UNNAMED --add-opens=java.prefs/java.util.prefs=ALL-UNNAMED --add-exports=jdk.compiler/com.sun.tools.javac.api=ALL-UNNAMED --add-exports=jdk.compiler/com.sun.tools.javac.util=ALL-UNNAMED --add-opens=java.base/java.util=ALL-UNNAMED --add-opens=java.prefs/java.util.prefs=ALL-UNNAMED --add-opens=java.base/java.nio.charset=ALL-UNNAMED --add-opens=java.base/java.net=ALL-UNNAMED --add-opens=java.base/java.util.concurrent.atomic=ALL-UNNAMED --add-opens=java.xml/javax.xml.namespace=ALL-UNNAMED -XX:MaxMetaspaceSize=512m -Xmx2048m -Dfile.encoding=windows-1252 -Duser.country=US -Duser.language=en -Duser.variant -javaagent:C:\Users\HP\.gradle\wrapper\dists\gradle-8.12-all\ejduaidbjup3bmmkhw3rie4zb\gradle-8.12\lib\agents\gradle-instrumentation-agent-8.12.jar org.gradle.launcher.daemon.bootstrap.GradleDaemon 8.12

Host: Intel(R) Core(TM) i5-6300U CPU @ 2.40GHz, 4 cores, 7G,  Windows 11 , 64 bit Build 22000 (10.0.22000.318)
Time: Fri Mar  7 21:33:53 2025 Pakistan Standard Time elapsed time: 261.538051 seconds (0d 0h 4m 21s)

---------------  T H R E A D  ---------------

Current thread (0x000002829fe79310):  JavaThread "C1 CompilerThread0" daemon [_thread_in_vm, id=15084, stack(0x000000a45ec00000,0x000000a45ed00000)]


Current CompileTask:
C1: 261538 10143       1       org.gradle.api.internal.attributes.matching.CachingAttributeSelectionSchema$MatchValueKey::access$100 (5 bytes)

Stack: [0x000000a45ec00000,0x000000a45ed00000]
Native frames: (J=compiled Java code, j=interpreted, Vv=VM code, C=native code)
V  [jvm.dll+0x67f6d9]
V  [jvm.dll+0x83773a]
V  [jvm.dll+0x8391fe]
V  [jvm.dll+0x839863]
V  [jvm.dll+0x247fbf]
V  [jvm.dll+0xac741]
V  [jvm.dll+0xacb8c]
V  [jvm.dll+0x1d612b]
V  [jvm.dll+0x1c3415]
V  [jvm.dll+0x229662]
V  [jvm.dll+0x22799c]
V  [jvm.dll+0x7ec8b7]
V  [jvm.dll+0x7e6cba]
V  [jvm.dll+0x67e5c5]
C  [ucrtbase.dll+0x26c0c]
C  [KERNEL32.DLL+0x154e0]
C  [ntdll.dll+0x485b]


---------------  P R O C E S S  ---------------

Threads class SMR info:
_java_thread_list=0x00000282c302c7a0, length=42, elements={
0x00000282802eda70, 0x000002829fe587b0, 0x000002829fe59630, 0x000002829fe72790,
0x000002829fe743d0, 0x000002829fe771b0, 0x000002829fe77b70, 0x000002829fe78860,
0x000002829fe79310, 0x000002829fe7da20, 0x00000282bf097d80, 0x00000282bf226c00,
0x00000282c044ce90, 0x00000282c06eeda0, 0x00000282bfe4e690, 0x00000282c0a188e0,
0x00000282c0a19300, 0x00000282c0a174a0, 0x00000282c0a183d0, 0x00000282c23d6200,
0x00000282c23dc740, 0x00000282c23dadf0, 0x00000282c2c4bae0, 0x00000282c46fb210,
0x00000282c46fe9c0, 0x00000282c46f93b0, 0x00000282c46f98c0, 0x00000282c46fdfa0,
0x00000282c46fcb60, 0x00000282c46f9dd0, 0x00000282c46fa7f0, 0x00000282c46fd580,
0x00000282c46ff3e0, 0x00000282c46feed0, 0x00000282c46fad00, 0x00000282c46f7f70,
0x00000282c46fb720, 0x00000282c1680d00, 0x00000282c46fbc30, 0x00000282c46f8990,
0x00000282c46fc650, 0x00000282c46fe4b0
}

Java Threads: ( => current thread )
  0x00000282802eda70 JavaThread "main" [_thread_blocked, id=11212, stack(0x000000a45de00000,0x000000a45df00000)]
  0x000002829fe587b0 JavaThread "Reference Handler" daemon [_thread_blocked, id=1608, stack(0x000000a45e500000,0x000000a45e600000)]
  0x000002829fe59630 JavaThread "Finalizer" daemon [_thread_blocked, id=2724, stack(0x000000a45e600000,0x000000a45e700000)]
  0x000002829fe72790 JavaThread "Signal Dispatcher" daemon [_thread_blocked, id=15284, stack(0x000000a45e700000,0x000000a45e800000)]
  0x000002829fe743d0 JavaThread "Attach Listener" daemon [_thread_blocked, id=17712, stack(0x000000a45e800000,0x000000a45e900000)]
  0x000002829fe771b0 JavaThread "Service Thread" daemon [_thread_blocked, id=18012, stack(0x000000a45e900000,0x000000a45ea00000)]
  0x000002829fe77b70 JavaThread "Monitor Deflation Thread" daemon [_thread_blocked, id=5532, stack(0x000000a45ea00000,0x000000a45eb00000)]
  0x000002829fe78860 JavaThread "C2 CompilerThread0" daemon [_thread_in_native, id=7052, stack(0x000000a45eb00000,0x000000a45ec00000)]
=>0x000002829fe79310 JavaThread "C1 CompilerThread0" daemon [_thread_in_vm, id=15084, stack(0x000000a45ec00000,0x000000a45ed00000)]
  0x000002829fe7da20 JavaThread "Sweeper thread" daemon [_thread_blocked, id=10172, stack(0x000000a45ed00000,0x000000a45ee00000)]
  0x00000282bf097d80 JavaThread "Common-Cleaner" daemon [_thread_blocked, id=15196, stack(0x000000a45ee00000,0x000000a45ef00000)]
  0x00000282bf226c00 JavaThread "Notification Thread" daemon [_thread_blocked, id=15700, stack(0x000000a45ef00000,0x000000a45f000000)]
  0x00000282c044ce90 JavaThread "Daemon health stats" [_thread_blocked, id=9228, stack(0x000000a45f500000,0x000000a45f600000)]
  0x00000282c06eeda0 JavaThread "Incoming local TCP Connector on port 6829" [_thread_in_native, id=13868, stack(0x000000a45f100000,0x000000a45f200000)]
  0x00000282bfe4e690 JavaThread "Daemon periodic checks" [_thread_blocked, id=12516, stack(0x000000a45f600000,0x000000a45f700000)]
  0x00000282c0a188e0 JavaThread "Cache worker for journal cache (C:\Users\HP\.gradle\caches\journal-1)" [_thread_blocked, id=5888, stack(0x000000a45fe00000,0x000000a45ff00000)]
  0x00000282c0a19300 JavaThread "File lock request listener" [_thread_in_native, id=5480, stack(0x000000a45ff00000,0x000000a460000000)]
  0x00000282c0a174a0 JavaThread "Cache worker for file hash cache (C:\Users\HP\.gradle\caches\8.12\fileHashes)" [_thread_blocked, id=15192, stack(0x000000a460100000,0x000000a460200000)]
  0x00000282c0a183d0 JavaThread "File watcher server" daemon [_thread_in_native, id=4772, stack(0x000000a460400000,0x000000a460500000)]
  0x00000282c23d6200 JavaThread "File watcher consumer" daemon [_thread_blocked, id=6276, stack(0x000000a460500000,0x000000a460600000)]
  0x00000282c23dc740 JavaThread "jar transforms" [_thread_blocked, id=8884, stack(0x000000a460700000,0x000000a460800000)]
  0x00000282c23dadf0 JavaThread "Cache worker for file content cache (C:\Users\HP\.gradle\caches\8.12\fileContent)" [_thread_blocked, id=17892, stack(0x000000a460900000,0x000000a460a00000)]
  0x00000282c2c4bae0 JavaThread "Memory manager" [_thread_blocked, id=10872, stack(0x000000a461200000,0x000000a461300000)]
  0x00000282c46fb210 JavaThread "jar transforms Thread 2" [_thread_blocked, id=17608, stack(0x000000a462d00000,0x000000a462e00000)]
  0x00000282c46fe9c0 JavaThread "Daemon Thread 2" [_thread_blocked, id=608, stack(0x000000a45db00000,0x000000a45dc00000)]
  0x00000282c46f93b0 JavaThread "Handler for socket connection from /127.0.0.1:6829 to /127.0.0.1:6936" [_thread_in_native, id=5700, stack(0x000000a45dc00000,0x000000a45dd00000)]
  0x00000282c46f98c0 JavaThread "Cancel handler" [_thread_blocked, id=16308, stack(0x000000a45dd00000,0x000000a45de00000)]
  0x00000282c46fdfa0 JavaThread "Daemon worker Thread 2" [_thread_blocked, id=3388, stack(0x000000a45f700000,0x000000a45f800000)]
  0x00000282c46fcb60 JavaThread "Asynchronous log dispatcher for DefaultDaemonConnection: socket connection from /127.0.0.1:6829 to /127.0.0.1:6936" [_thread_blocked, id=32, stack(0x000000a45f800000,0x000000a45f900000)]
  0x00000282c46f9dd0 JavaThread "Stdin handler" [_thread_blocked, id=9420, stack(0x000000a45f900000,0x000000a45fa00000)]
  0x00000282c46fa7f0 JavaThread "Daemon client event forwarder" [_thread_blocked, id=1040, stack(0x000000a45fa00000,0x000000a45fb00000)]
  0x00000282c46fd580 JavaThread "Cache worker for file hash cache (F:\BankingApp\android\.gradle\8.12\fileHashes)" [_thread_blocked, id=18032, stack(0x000000a45fb00000,0x000000a45fc00000)]
  0x00000282c46ff3e0 JavaThread "Cache worker for Build Output Cleanup Cache (F:\BankingApp\android\.gradle\buildOutputCleanup)" [_thread_blocked, id=9536, stack(0x000000a45fc00000,0x000000a45fd00000)]
  0x00000282c46feed0 JavaThread "Cache worker for checksums cache (F:\BankingApp\android\.gradle\8.12\checksums)" [_thread_blocked, id=12284, stack(0x000000a45fd00000,0x000000a45fe00000)]
  0x00000282c46fad00 JavaThread "Cache worker for cache directory md-rule (C:\Users\HP\.gradle\caches\8.12\md-rule)" [_thread_blocked, id=2840, stack(0x000000a460000000,0x000000a460100000)]
  0x00000282c46f7f70 JavaThread "Cache worker for cache directory md-supplier (C:\Users\HP\.gradle\caches\8.12\md-supplier)" [_thread_blocked, id=5068, stack(0x000000a460200000,0x000000a460300000)]
  0x00000282c46fb720 JavaThread "Cache worker for Build Output Cleanup Cache (F:\BankingApp\node_modules\@react-native\gradle-plugin\.gradle\buildOutputCleanup)" [_thread_blocked, id=15072, stack(0x000000a460300000,0x000000a460400000)]
  0x00000282c1680d00 JavaThread "C2 CompilerThread1" daemon [_thread_blocked, id=384, stack(0x000000a460800000,0x000000a460900000)]
  0x00000282c46fbc30 JavaThread "Unconstrained build operations" [_thread_blocked, id=9856, stack(0x000000a460a00000,0x000000a460b00000)]
  0x00000282c46f8990 JavaThread "Unconstrained build operations Thread 2" [_thread_blocked, id=18016, stack(0x000000a460b00000,0x000000a460c00000)]
  0x00000282c46fc650 JavaThread "Unconstrained build operations Thread 3" [_thread_blocked, id=18212, stack(0x000000a460c00000,0x000000a460d00000)]
  0x00000282c46fe4b0 JavaThread "Unconstrained build operations Thread 4" [_thread_blocked, id=13032, stack(0x000000a460d00000,0x000000a460e00000)]

Other Threads:
  0x000002829fe53a80 VMThread "VM Thread" [stack: 0x000000a45e400000,0x000000a45e500000] [id=17380] _threads_hazard_ptr=0x00000282c302c7a0
  0x00000282bf1dff90 WatcherThread [stack: 0x000000a45f000000,0x000000a45f100000] [id=5868]
  0x000002828034a910 GCTaskThread "GC Thread#0" [stack: 0x000000a45df00000,0x000000a45e000000] [id=11904]
  0x00000282bf4208b0 GCTaskThread "GC Thread#1" [stack: 0x000000a45f200000,0x000000a45f300000] [id=14880]
  0x00000282bf420f80 GCTaskThread "GC Thread#2" [stack: 0x000000a45f300000,0x000000a45f400000] [id=18064]
  0x00000282bfd42540 GCTaskThread "GC Thread#3" [stack: 0x000000a45f400000,0x000000a45f500000] [id=14532]
  0x000002828035b860 ConcurrentGCThread "G1 Main Marker" [stack: 0x000000a45e000000,0x000000a45e100000] [id=17348]
  0x000002828035de30 ConcurrentGCThread "G1 Conc#0" [stack: 0x000000a45e100000,0x000000a45e200000] [id=10484]
  0x000002829fd0c9b0 ConcurrentGCThread "G1 Refine#0" [stack: 0x000000a45e200000,0x000000a45e300000] [id=14592]
  0x00000282c1171850 ConcurrentGCThread "G1 Refine#1" [stack: 0x000000a460600000,0x000000a460700000] [id=13328]
  0x000002829fd0d1f0 ConcurrentGCThread "G1 Service" [stack: 0x000000a45e300000,0x000000a45e400000] [id=1724]

Threads with active compile tasks:
C2 CompilerThread0   261601 10077       4       org.gradle.internal.snapshot.DirectorySnapshot$$Lambda$1701/0x00000282a1a1b200::accept (12 bytes)
C1 CompilerThread0   261601 10143       1       org.gradle.api.internal.attributes.matching.CachingAttributeSelectionSchema$MatchValueKey::access$100 (5 bytes)
C2 CompilerThread1   261602 10154       4       java.util.Properties::loadConvert (540 bytes)

VM state: synchronizing (normal execution)

VM Mutex/Monitor currently owned by a thread:  ([mutex/lock_event])
[0x00000282802ea580] Threads_lock - owner thread: 0x000002829fe53a80

Heap address: 0x0000000080000000, size: 2048 MB, Compressed Oops mode: 32-bit

CDS archive(s) mapped at: [0x00000282a0000000-0x00000282a0bb0000-0x00000282a0bb0000), size 12255232, SharedBaseAddress: 0x00000282a0000000, ArchiveRelocationMode: 1.
Compressed class space mapped at: 0x00000282a1000000-0x00000282bb000000, reserved size: 436207616
Narrow klass base: 0x00000282a0000000, Narrow klass shift: 0, Narrow klass range: 0x100000000

GC Precious Log:
 CPUs: 4 total, 4 available
 Memory: 8072M
 Large Page Support: Disabled
 NUMA Support: Disabled
 Compressed Oops: Enabled (32-bit)
 Heap Region Size: 1M
 Heap Min Capacity: 8M
 Heap Initial Capacity: 128M
 Heap Max Capacity: 2G
 Pre-touch: Disabled
 Parallel Workers: 4
 Concurrent Workers: 1
 Concurrent Refinement Workers: 4
 Periodic GC: Disabled

Heap:
 garbage-first heap   total 212992K, used 139392K [0x0000000080000000, 0x0000000100000000)
  region size 1024K, 71 young (72704K), 2 survivors (2048K)
 Metaspace       used 72510K, committed 73408K, reserved 491520K
  class space    used 10332K, committed 10752K, reserved 425984K

Heap Regions: E=young(eden), S=young(survivor), O=old, HS=humongous(starts), HC=humongous(continues), CS=collection set, F=free, OA=open archive, CA=closed archive, TAMS=top-at-mark-start (previous, next)
|   0|0x0000000080000000, 0x0000000080100000, 0x0000000080100000|100%|HS|  |TAMS 0x0000000080100000, 0x0000000080000000| Complete 
|   1|0x0000000080100000, 0x0000000080200000, 0x0000000080200000|100%|HC|  |TAMS 0x0000000080200000, 0x0000000080100000| Complete 
|   2|0x0000000080200000, 0x0000000080300000, 0x0000000080300000|100%|HC|  |TAMS 0x0000000080300000, 0x0000000080200000| Complete 
|   3|0x0000000080300000, 0x0000000080400000, 0x0000000080400000|100%| O|  |TAMS 0x0000000080400000, 0x0000000080300000| Untracked 
|   4|0x0000000080400000, 0x0000000080400000, 0x0000000080500000|  0%| F|  |TAMS 0x0000000080400000, 0x0000000080400000| Untracked 
|   5|0x0000000080500000, 0x0000000080600000, 0x0000000080600000|100%| O|  |TAMS 0x0000000080600000, 0x0000000080500000| Untracked 
|   6|0x0000000080600000, 0x0000000080700000, 0x0000000080700000|100%| O|  |TAMS 0x0000000080700000, 0x0000000080600000| Untracked 
|   7|0x0000000080700000, 0x0000000080800000, 0x0000000080800000|100%|HS|  |TAMS 0x0000000080800000, 0x0000000080700000| Complete 
|   8|0x0000000080800000, 0x0000000080900000, 0x0000000080900000|100%| O|  |TAMS 0x0000000080900000, 0x0000000080800000| Untracked 
|   9|0x0000000080900000, 0x0000000080a00000, 0x0000000080a00000|100%| O|  |TAMS 0x0000000080a00000, 0x0000000080900000| Untracked 
|  10|0x0000000080a00000, 0x0000000080b00000, 0x0000000080b00000|100%| O|  |TAMS 0x0000000080b00000, 0x0000000080a00000| Untracked 
|  11|0x0000000080b00000, 0x0000000080c00000, 0x0000000080c00000|100%| O|  |TAMS 0x0000000080c00000, 0x0000000080b00000| Untracked 
|  12|0x0000000080c00000, 0x0000000080d00000, 0x0000000080d00000|100%| O|  |TAMS 0x0000000080d00000, 0x0000000080c00000| Untracked 
|  13|0x0000000080d00000, 0x0000000080e00000, 0x0000000080e00000|100%| O|  |TAMS 0x0000000080e00000, 0x0000000080d00000| Untracked 
|  14|0x0000000080e00000, 0x0000000080f00000, 0x0000000080f00000|100%| O|  |TAMS 0x0000000080f00000, 0x0000000080e00000| Untracked 
|  15|0x0000000080f00000, 0x0000000081000000, 0x0000000081000000|100%| O|  |TAMS 0x0000000081000000, 0x0000000080f00000| Untracked 
|  16|0x0000000081000000, 0x00000000810fc400, 0x0000000081100000| 98%| O|  |TAMS 0x00000000810fc400, 0x0000000081000000| Untracked 
|  17|0x0000000081100000, 0x0000000081200000, 0x0000000081200000|100%| O|  |TAMS 0x0000000081200000, 0x0000000081100000| Untracked 
|  18|0x0000000081200000, 0x0000000081300000, 0x0000000081300000|100%| O|  |TAMS 0x0000000081300000, 0x0000000081200000| Untracked 
|  19|0x0000000081300000, 0x0000000081400000, 0x0000000081400000|100%| O|  |TAMS 0x0000000081400000, 0x0000000081300000| Untracked 
|  20|0x0000000081400000, 0x0000000081500000, 0x0000000081500000|100%| O|  |TAMS 0x0000000081500000, 0x0000000081400000| Untracked 
|  21|0x0000000081500000, 0x0000000081600000, 0x0000000081600000|100%| O|  |TAMS 0x0000000081600000, 0x0000000081500000| Untracked 
|  22|0x0000000081600000, 0x0000000081700000, 0x0000000081700000|100%| O|  |TAMS 0x0000000081700000, 0x0000000081600000| Untracked 
|  23|0x0000000081700000, 0x0000000081800000, 0x0000000081800000|100%| O|  |TAMS 0x0000000081800000, 0x0000000081700000| Untracked 
|  24|0x0000000081800000, 0x0000000081900000, 0x0000000081900000|100%| O|  |TAMS 0x0000000081900000, 0x0000000081800000| Untracked 
|  25|0x0000000081900000, 0x0000000081a00000, 0x0000000081a00000|100%| O|  |TAMS 0x0000000081a00000, 0x0000000081900000| Untracked 
|  26|0x0000000081a00000, 0x0000000081b00000, 0x0000000081b00000|100%| O|  |TAMS 0x0000000081a00000, 0x0000000081a00000| Untracked 
|  27|0x0000000081b00000, 0x0000000081c00000, 0x0000000081c00000|100%| O|  |TAMS 0x0000000081c00000, 0x0000000081b00000| Untracked 
|  28|0x0000000081c00000, 0x0000000081d00000, 0x0000000081d00000|100%| O|  |TAMS 0x0000000081d00000, 0x0000000081c00000| Untracked 
|  29|0x0000000081d00000, 0x0000000081e00000, 0x0000000081e00000|100%| O|  |TAMS 0x0000000081e00000, 0x0000000081d00000| Untracked 
|  30|0x0000000081e00000, 0x0000000081f00000, 0x0000000081f00000|100%| O|  |TAMS 0x0000000081f00000, 0x0000000081e00000| Untracked 
|  31|0x0000000081f00000, 0x0000000082000000, 0x0000000082000000|100%| O|  |TAMS 0x0000000082000000, 0x0000000081f00000| Untracked 
|  32|0x0000000082000000, 0x0000000082100000, 0x0000000082100000|100%| O|  |TAMS 0x0000000082100000, 0x0000000082000000| Untracked 
|  33|0x0000000082100000, 0x0000000082200000, 0x0000000082200000|100%| O|  |TAMS 0x0000000082200000, 0x0000000082100000| Untracked 
|  34|0x0000000082200000, 0x0000000082300000, 0x0000000082300000|100%| O|  |TAMS 0x0000000082300000, 0x0000000082200000| Untracked 
|  35|0x0000000082300000, 0x0000000082400000, 0x0000000082400000|100%| O|  |TAMS 0x0000000082400000, 0x0000000082300000| Untracked 
|  36|0x0000000082400000, 0x0000000082500000, 0x0000000082500000|100%| O|  |TAMS 0x0000000082500000, 0x0000000082400000| Untracked 
|  37|0x0000000082500000, 0x0000000082600000, 0x0000000082600000|100%| O|  |TAMS 0x0000000082600000, 0x0000000082500000| Untracked 
|  38|0x0000000082600000, 0x0000000082700000, 0x0000000082700000|100%| O|  |TAMS 0x0000000082700000, 0x0000000082600000| Untracked 
|  39|0x0000000082700000, 0x0000000082800000, 0x0000000082800000|100%| O|  |TAMS 0x0000000082800000, 0x0000000082700000| Untracked 
|  40|0x0000000082800000, 0x0000000082900000, 0x0000000082900000|100%| O|  |TAMS 0x0000000082900000, 0x0000000082800000| Untracked 
|  41|0x0000000082900000, 0x0000000082a00000, 0x0000000082a00000|100%| O|  |TAMS 0x0000000082a00000, 0x0000000082900000| Untracked 
|  42|0x0000000082a00000, 0x0000000082b00000, 0x0000000082b00000|100%| O|  |TAMS 0x0000000082b00000, 0x0000000082a00000| Untracked 
|  43|0x0000000082b00000, 0x0000000082c00000, 0x0000000082c00000|100%| O|  |TAMS 0x0000000082c00000, 0x0000000082b00000| Untracked 
|  44|0x0000000082c00000, 0x0000000082d00000, 0x0000000082d00000|100%|HS|  |TAMS 0x0000000082d00000, 0x0000000082c00000| Complete 
|  45|0x0000000082d00000, 0x0000000082e00000, 0x0000000082e00000|100%|HC|  |TAMS 0x0000000082e00000, 0x0000000082d00000| Complete 
|  46|0x0000000082e00000, 0x0000000082f00000, 0x0000000082f00000|100%|HS|  |TAMS 0x0000000082f00000, 0x0000000082e00000| Complete 
|  47|0x0000000082f00000, 0x0000000083000000, 0x0000000083000000|100%|HC|  |TAMS 0x0000000083000000, 0x0000000082f00000| Complete 
|  48|0x0000000083000000, 0x0000000083100000, 0x0000000083100000|100%|HC|  |TAMS 0x0000000083100000, 0x0000000083000000| Complete 
|  49|0x0000000083100000, 0x0000000083200000, 0x0000000083200000|100%|HS|  |TAMS 0x0000000083200000, 0x0000000083100000| Complete 
|  50|0x0000000083200000, 0x0000000083300000, 0x0000000083300000|100%|HC|  |TAMS 0x0000000083300000, 0x0000000083200000| Complete 
|  51|0x0000000083300000, 0x0000000083400000, 0x0000000083400000|100%| O|  |TAMS 0x0000000083400000, 0x0000000083300000| Untracked 
|  52|0x0000000083400000, 0x0000000083500000, 0x0000000083500000|100%| O|  |TAMS 0x0000000083500000, 0x0000000083400000| Untracked 
|  53|0x0000000083500000, 0x0000000083600000, 0x0000000083600000|100%| O|  |TAMS 0x0000000083600000, 0x0000000083500000| Untracked 
|  54|0x0000000083600000, 0x0000000083700000, 0x0000000083700000|100%| O|  |TAMS 0x0000000083700000, 0x0000000083600000| Untracked 
|  55|0x0000000083700000, 0x0000000083800000, 0x0000000083800000|100%|HS|  |TAMS 0x0000000083800000, 0x0000000083700000| Complete 
|  56|0x0000000083800000, 0x0000000083900000, 0x0000000083900000|100%|HC|  |TAMS 0x0000000083900000, 0x0000000083800000| Complete 
|  57|0x0000000083900000, 0x0000000083a00000, 0x0000000083a00000|100%|HC|  |TAMS 0x0000000083a00000, 0x0000000083900000| Complete 
|  58|0x0000000083a00000, 0x0000000083b00000, 0x0000000083b00000|100%| O|  |TAMS 0x0000000083b00000, 0x0000000083a00000| Untracked 
|  59|0x0000000083b00000, 0x0000000083c00000, 0x0000000083c00000|100%| O|  |TAMS 0x0000000083b72400, 0x0000000083b00000| Untracked 
|  60|0x0000000083c00000, 0x0000000083d00000, 0x0000000083d00000|100%| O|  |TAMS 0x0000000083c00000, 0x0000000083c00000| Untracked 
|  61|0x0000000083d00000, 0x0000000083e00000, 0x0000000083e00000|100%| O|  |TAMS 0x0000000083d00000, 0x0000000083d00000| Untracked 
|  62|0x0000000083e00000, 0x0000000083f00000, 0x0000000083f00000|100%| O|  |TAMS 0x0000000083e00000, 0x0000000083e00000| Untracked 
|  63|0x0000000083f00000, 0x0000000084000000, 0x0000000084000000|100%| O|  |TAMS 0x0000000083f00000, 0x0000000083f00000| Untracked 
|  64|0x0000000084000000, 0x0000000084100000, 0x0000000084100000|100%| O|  |TAMS 0x0000000084000000, 0x0000000084000000| Untracked 
|  65|0x0000000084100000, 0x0000000084200000, 0x0000000084200000|100%| O|  |TAMS 0x0000000084100000, 0x0000000084100000| Untracked 
|  66|0x0000000084200000, 0x0000000084300000, 0x0000000084300000|100%| O|  |TAMS 0x0000000084200000, 0x0000000084200000| Untracked 
|  67|0x0000000084300000, 0x0000000084400000, 0x0000000084400000|100%| O|  |TAMS 0x0000000084300000, 0x0000000084300000| Untracked 
|  68|0x0000000084400000, 0x00000000844c3e00, 0x0000000084500000| 76%| O|  |TAMS 0x0000000084400000, 0x0000000084400000| Untracked 
|  69|0x0000000084500000, 0x0000000084500000, 0x0000000084600000|  0%| F|  |TAMS 0x0000000084500000, 0x0000000084500000| Untracked 
|  70|0x0000000084600000, 0x0000000084600000, 0x0000000084700000|  0%| F|  |TAMS 0x0000000084600000, 0x0000000084600000| Untracked 
|  71|0x0000000084700000, 0x0000000084700000, 0x0000000084800000|  0%| F|  |TAMS 0x0000000084700000, 0x0000000084700000| Untracked 
|  72|0x0000000084800000, 0x0000000084800000, 0x0000000084900000|  0%| F|  |TAMS 0x0000000084800000, 0x0000000084800000| Untracked 
|  73|0x0000000084900000, 0x0000000084900000, 0x0000000084a00000|  0%| F|  |TAMS 0x0000000084900000, 0x0000000084900000| Untracked 
|  74|0x0000000084a00000, 0x0000000084a00000, 0x0000000084b00000|  0%| F|  |TAMS 0x0000000084a00000, 0x0000000084a00000| Untracked 
|  75|0x0000000084b00000, 0x0000000084b00000, 0x0000000084c00000|  0%| F|  |TAMS 0x0000000084b00000, 0x0000000084b00000| Untracked 
|  76|0x0000000084c00000, 0x0000000084c00000, 0x0000000084d00000|  0%| F|  |TAMS 0x0000000084c00000, 0x0000000084c00000| Untracked 
|  77|0x0000000084d00000, 0x0000000084d00000, 0x0000000084e00000|  0%| F|  |TAMS 0x0000000084d00000, 0x0000000084d00000| Untracked 
|  78|0x0000000084e00000, 0x0000000084e00000, 0x0000000084f00000|  0%| F|  |TAMS 0x0000000084e00000, 0x0000000084e00000| Untracked 
|  79|0x0000000084f00000, 0x0000000084f00000, 0x0000000085000000|  0%| F|  |TAMS 0x0000000084f00000, 0x0000000084f00000| Untracked 
|  80|0x0000000085000000, 0x0000000085000000, 0x0000000085100000|  0%| F|  |TAMS 0x0000000085000000, 0x0000000085000000| Untracked 
|  81|0x0000000085100000, 0x0000000085100000, 0x0000000085200000|  0%| F|  |TAMS 0x0000000085100000, 0x0000000085100000| Untracked 
|  82|0x0000000085200000, 0x0000000085200000, 0x0000000085300000|  0%| F|  |TAMS 0x0000000085200000, 0x0000000085200000| Untracked 
|  83|0x0000000085300000, 0x0000000085300000, 0x0000000085400000|  0%| F|  |TAMS 0x0000000085300000, 0x0000000085300000| Untracked 
|  84|0x0000000085400000, 0x0000000085400000, 0x0000000085500000|  0%| F|  |TAMS 0x0000000085400000, 0x0000000085400000| Untracked 
|  85|0x0000000085500000, 0x0000000085500000, 0x0000000085600000|  0%| F|  |TAMS 0x0000000085500000, 0x0000000085500000| Untracked 
|  86|0x0000000085600000, 0x0000000085600000, 0x0000000085700000|  0%| F|  |TAMS 0x0000000085600000, 0x0000000085600000| Untracked 
|  87|0x0000000085700000, 0x0000000085700000, 0x0000000085800000|  0%| F|  |TAMS 0x0000000085700000, 0x0000000085700000| Untracked 
|  88|0x0000000085800000, 0x0000000085800000, 0x0000000085900000|  0%| F|  |TAMS 0x0000000085800000, 0x0000000085800000| Untracked 
|  89|0x0000000085900000, 0x0000000085900000, 0x0000000085a00000|  0%| F|  |TAMS 0x0000000085900000, 0x0000000085900000| Untracked 
|  90|0x0000000085a00000, 0x0000000085a00000, 0x0000000085b00000|  0%| F|  |TAMS 0x0000000085a00000, 0x0000000085a00000| Untracked 
|  91|0x0000000085b00000, 0x0000000085b00000, 0x0000000085c00000|  0%| F|  |TAMS 0x0000000085b00000, 0x0000000085b00000| Untracked 
|  92|0x0000000085c00000, 0x0000000085c00000, 0x0000000085d00000|  0%| F|  |TAMS 0x0000000085c00000, 0x0000000085c00000| Untracked 
|  93|0x0000000085d00000, 0x0000000085d00000, 0x0000000085e00000|  0%| F|  |TAMS 0x0000000085d00000, 0x0000000085d00000| Untracked 
|  94|0x0000000085e00000, 0x0000000085e00000, 0x0000000085f00000|  0%| F|  |TAMS 0x0000000085e00000, 0x0000000085e00000| Untracked 
|  95|0x0000000085f00000, 0x0000000085f00000, 0x0000000086000000|  0%| F|  |TAMS 0x0000000085f00000, 0x0000000085f00000| Untracked 
|  96|0x0000000086000000, 0x0000000086000000, 0x0000000086100000|  0%| F|  |TAMS 0x0000000086000000, 0x0000000086000000| Untracked 
|  97|0x0000000086100000, 0x0000000086100000, 0x0000000086200000|  0%| F|  |TAMS 0x0000000086100000, 0x0000000086100000| Untracked 
|  98|0x0000000086200000, 0x0000000086200000, 0x0000000086300000|  0%| F|  |TAMS 0x0000000086200000, 0x0000000086200000| Untracked 
|  99|0x0000000086300000, 0x0000000086300000, 0x0000000086400000|  0%| F|  |TAMS 0x0000000086300000, 0x0000000086300000| Untracked 
| 100|0x0000000086400000, 0x0000000086400000, 0x0000000086500000|  0%| F|  |TAMS 0x0000000086400000, 0x0000000086400000| Untracked 
| 101|0x0000000086500000, 0x0000000086500000, 0x0000000086600000|  0%| F|  |TAMS 0x0000000086500000, 0x0000000086500000| Untracked 
| 102|0x0000000086600000, 0x0000000086600000, 0x0000000086700000|  0%| F|  |TAMS 0x0000000086600000, 0x0000000086600000| Untracked 
| 103|0x0000000086700000, 0x0000000086700000, 0x0000000086800000|  0%| F|  |TAMS 0x0000000086700000, 0x0000000086700000| Untracked 
| 104|0x0000000086800000, 0x0000000086800000, 0x0000000086900000|  0%| F|  |TAMS 0x0000000086800000, 0x0000000086800000| Untracked 
| 105|0x0000000086900000, 0x0000000086900000, 0x0000000086a00000|  0%| F|  |TAMS 0x0000000086900000, 0x0000000086900000| Untracked 
| 106|0x0000000086a00000, 0x0000000086a00000, 0x0000000086b00000|  0%| F|  |TAMS 0x0000000086a00000, 0x0000000086a00000| Untracked 
| 107|0x0000000086b00000, 0x0000000086b00000, 0x0000000086c00000|  0%| F|  |TAMS 0x0000000086b00000, 0x0000000086b00000| Untracked 
| 108|0x0000000086c00000, 0x0000000086c00000, 0x0000000086d00000|  0%| F|  |TAMS 0x0000000086c00000, 0x0000000086c00000| Untracked 
| 109|0x0000000086d00000, 0x0000000086d00000, 0x0000000086e00000|  0%| F|  |TAMS 0x0000000086d00000, 0x0000000086d00000| Untracked 
| 110|0x0000000086e00000, 0x0000000086e00000, 0x0000000086f00000|  0%| F|  |TAMS 0x0000000086e00000, 0x0000000086e00000| Untracked 
| 111|0x0000000086f00000, 0x0000000086f00000, 0x0000000087000000|  0%| F|  |TAMS 0x0000000086f00000, 0x0000000086f00000| Untracked 
| 112|0x0000000087000000, 0x0000000087000000, 0x0000000087100000|  0%| F|  |TAMS 0x0000000087000000, 0x0000000087000000| Untracked 
| 113|0x0000000087100000, 0x0000000087100000, 0x0000000087200000|  0%| F|  |TAMS 0x0000000087100000, 0x0000000087100000| Untracked 
| 114|0x0000000087200000, 0x0000000087200000, 0x0000000087300000|  0%| F|  |TAMS 0x0000000087200000, 0x0000000087200000| Untracked 
| 115|0x0000000087300000, 0x0000000087300000, 0x0000000087400000|  0%| F|  |TAMS 0x0000000087300000, 0x0000000087300000| Untracked 
| 116|0x0000000087400000, 0x0000000087400000, 0x0000000087500000|  0%| F|  |TAMS 0x0000000087400000, 0x0000000087400000| Untracked 
| 117|0x0000000087500000, 0x0000000087500000, 0x0000000087600000|  0%| F|  |TAMS 0x0000000087500000, 0x0000000087500000| Untracked 
| 118|0x0000000087600000, 0x0000000087600000, 0x0000000087700000|  0%| F|  |TAMS 0x0000000087600000, 0x0000000087600000| Untracked 
| 119|0x0000000087700000, 0x0000000087700000, 0x0000000087800000|  0%| F|  |TAMS 0x0000000087700000, 0x0000000087700000| Untracked 
| 120|0x0000000087800000, 0x0000000087800000, 0x0000000087900000|  0%| F|  |TAMS 0x0000000087800000, 0x0000000087800000| Untracked 
| 121|0x0000000087900000, 0x0000000087900000, 0x0000000087a00000|  0%| F|  |TAMS 0x0000000087900000, 0x0000000087900000| Untracked 
| 122|0x0000000087a00000, 0x0000000087a00000, 0x0000000087b00000|  0%| F|  |TAMS 0x0000000087a00000, 0x0000000087a00000| Untracked 
| 123|0x0000000087b00000, 0x0000000087b00000, 0x0000000087c00000|  0%| F|  |TAMS 0x0000000087b00000, 0x0000000087b00000| Untracked 
| 124|0x0000000087c00000, 0x0000000087c00000, 0x0000000087d00000|  0%| F|  |TAMS 0x0000000087c00000, 0x0000000087c00000| Untracked 
| 125|0x0000000087d00000, 0x0000000087d00000, 0x0000000087e00000|  0%| F|  |TAMS 0x0000000087d00000, 0x0000000087d00000| Untracked 
| 126|0x0000000087e00000, 0x0000000087e00000, 0x0000000087f00000|  0%| F|  |TAMS 0x0000000087e00000, 0x0000000087e00000| Untracked 
| 127|0x0000000087f00000, 0x0000000087f00000, 0x0000000088000000|  0%| F|  |TAMS 0x0000000087f00000, 0x0000000087f00000| Untracked 
| 128|0x0000000088000000, 0x0000000088000000, 0x0000000088100000|  0%| F|  |TAMS 0x0000000088000000, 0x0000000088000000| Untracked 
| 129|0x0000000088100000, 0x0000000088100000, 0x0000000088200000|  0%| F|  |TAMS 0x0000000088100000, 0x0000000088100000| Untracked 
| 130|0x0000000088200000, 0x0000000088200000, 0x0000000088300000|  0%| F|  |TAMS 0x0000000088200000, 0x0000000088200000| Untracked 
| 131|0x0000000088300000, 0x0000000088300000, 0x0000000088400000|  0%| F|  |TAMS 0x0000000088300000, 0x0000000088300000| Untracked 
| 132|0x0000000088400000, 0x0000000088400000, 0x0000000088500000|  0%| F|  |TAMS 0x0000000088400000, 0x0000000088400000| Untracked 
| 133|0x0000000088500000, 0x0000000088500000, 0x0000000088600000|  0%| F|  |TAMS 0x0000000088500000, 0x0000000088500000| Untracked 
| 134|0x0000000088600000, 0x0000000088600000, 0x0000000088700000|  0%| F|  |TAMS 0x0000000088600000, 0x0000000088600000| Untracked 
| 135|0x0000000088700000, 0x0000000088700000, 0x0000000088800000|  0%| F|  |TAMS 0x0000000088700000, 0x0000000088700000| Untracked 
| 136|0x0000000088800000, 0x0000000088800000, 0x0000000088900000|  0%| F|  |TAMS 0x0000000088800000, 0x0000000088800000| Untracked 
| 137|0x0000000088900000, 0x000000008893f798, 0x0000000088a00000| 24%| E|  |TAMS 0x0000000088900000, 0x0000000088900000| Complete 
| 138|0x0000000088a00000, 0x0000000088b00000, 0x0000000088b00000|100%| E|CS|TAMS 0x0000000088a00000, 0x0000000088a00000| Complete 
| 139|0x0000000088b00000, 0x0000000088c00000, 0x0000000088c00000|100%| E|CS|TAMS 0x0000000088b00000, 0x0000000088b00000| Complete 
| 140|0x0000000088c00000, 0x0000000088d00000, 0x0000000088d00000|100%| E|CS|TAMS 0x0000000088c00000, 0x0000000088c00000| Complete 
| 141|0x0000000088d00000, 0x0000000088e00000, 0x0000000088e00000|100%| E|CS|TAMS 0x0000000088d00000, 0x0000000088d00000| Complete 
| 142|0x0000000088e00000, 0x0000000088f00000, 0x0000000088f00000|100%| E|CS|TAMS 0x0000000088e00000, 0x0000000088e00000| Complete 
| 143|0x0000000088f00000, 0x0000000089000000, 0x0000000089000000|100%| E|CS|TAMS 0x0000000088f00000, 0x0000000088f00000| Complete 
| 144|0x0000000089000000, 0x0000000089100000, 0x0000000089100000|100%| E|CS|TAMS 0x0000000089000000, 0x0000000089000000| Complete 
| 145|0x0000000089100000, 0x0000000089200000, 0x0000000089200000|100%| E|CS|TAMS 0x0000000089100000, 0x0000000089100000| Complete 
| 146|0x0000000089200000, 0x0000000089300000, 0x0000000089300000|100%| E|CS|TAMS 0x0000000089200000, 0x0000000089200000| Complete 
| 147|0x0000000089300000, 0x0000000089400000, 0x0000000089400000|100%| E|CS|TAMS 0x0000000089300000, 0x0000000089300000| Complete 
| 148|0x0000000089400000, 0x0000000089500000, 0x0000000089500000|100%| E|CS|TAMS 0x0000000089400000, 0x0000000089400000| Complete 
| 149|0x0000000089500000, 0x0000000089600000, 0x0000000089600000|100%| E|CS|TAMS 0x0000000089500000, 0x0000000089500000| Complete 
| 150|0x0000000089600000, 0x0000000089700000, 0x0000000089700000|100%| E|CS|TAMS 0x0000000089600000, 0x0000000089600000| Complete 
| 151|0x0000000089700000, 0x0000000089800000, 0x0000000089800000|100%| E|CS|TAMS 0x0000000089700000, 0x0000000089700000| Complete 
| 152|0x0000000089800000, 0x0000000089900000, 0x0000000089900000|100%| E|CS|TAMS 0x0000000089800000, 0x0000000089800000| Complete 
| 153|0x0000000089900000, 0x0000000089a00000, 0x0000000089a00000|100%| E|CS|TAMS 0x0000000089900000, 0x0000000089900000| Complete 
| 154|0x0000000089a00000, 0x0000000089b00000, 0x0000000089b00000|100%| E|CS|TAMS 0x0000000089a00000, 0x0000000089a00000| Complete 
| 155|0x0000000089b00000, 0x0000000089c00000, 0x0000000089c00000|100%| E|CS|TAMS 0x0000000089b00000, 0x0000000089b00000| Complete 
| 156|0x0000000089c00000, 0x0000000089d00000, 0x0000000089d00000|100%| E|CS|TAMS 0x0000000089c00000, 0x0000000089c00000| Complete 
| 157|0x0000000089d00000, 0x0000000089e00000, 0x0000000089e00000|100%| E|CS|TAMS 0x0000000089d00000, 0x0000000089d00000| Complete 
| 158|0x0000000089e00000, 0x0000000089f00000, 0x0000000089f00000|100%| E|CS|TAMS 0x0000000089e00000, 0x0000000089e00000| Complete 
| 159|0x0000000089f00000, 0x000000008a000000, 0x000000008a000000|100%| E|CS|TAMS 0x0000000089f00000, 0x0000000089f00000| Complete 
| 160|0x000000008a000000, 0x000000008a100000, 0x000000008a100000|100%| E|CS|TAMS 0x000000008a000000, 0x000000008a000000| Complete 
| 161|0x000000008a100000, 0x000000008a200000, 0x000000008a200000|100%| E|CS|TAMS 0x000000008a100000, 0x000000008a100000| Complete 
| 162|0x000000008a200000, 0x000000008a300000, 0x000000008a300000|100%| E|CS|TAMS 0x000000008a200000, 0x000000008a200000| Complete 
| 163|0x000000008a300000, 0x000000008a400000, 0x000000008a400000|100%| E|CS|TAMS 0x000000008a300000, 0x000000008a300000| Complete 
| 164|0x000000008a400000, 0x000000008a500000, 0x000000008a500000|100%| E|CS|TAMS 0x000000008a400000, 0x000000008a400000| Complete 
| 165|0x000000008a500000, 0x000000008a600000, 0x000000008a600000|100%| E|CS|TAMS 0x000000008a500000, 0x000000008a500000| Complete 
| 166|0x000000008a600000, 0x000000008a700000, 0x000000008a700000|100%| E|CS|TAMS 0x000000008a600000, 0x000000008a600000| Complete 
| 167|0x000000008a700000, 0x000000008a800000, 0x000000008a800000|100%| E|CS|TAMS 0x000000008a700000, 0x000000008a700000| Complete 
| 168|0x000000008a800000, 0x000000008a900000, 0x000000008a900000|100%| E|CS|TAMS 0x000000008a800000, 0x000000008a800000| Complete 
| 169|0x000000008a900000, 0x000000008aa00000, 0x000000008aa00000|100%| E|CS|TAMS 0x000000008a900000, 0x000000008a900000| Complete 
| 170|0x000000008aa00000, 0x000000008ab00000, 0x000000008ab00000|100%| E|CS|TAMS 0x000000008aa00000, 0x000000008aa00000| Complete 
| 171|0x000000008ab00000, 0x000000008ac00000, 0x000000008ac00000|100%| E|CS|TAMS 0x000000008ab00000, 0x000000008ab00000| Complete 
| 172|0x000000008ac00000, 0x000000008ad00000, 0x000000008ad00000|100%| E|CS|TAMS 0x000000008ac00000, 0x000000008ac00000| Complete 
| 173|0x000000008ad00000, 0x000000008ae00000, 0x000000008ae00000|100%| E|CS|TAMS 0x000000008ad00000, 0x000000008ad00000| Complete 
| 174|0x000000008ae00000, 0x000000008af00000, 0x000000008af00000|100%| E|CS|TAMS 0x000000008ae00000, 0x000000008ae00000| Complete 
| 175|0x000000008af00000, 0x000000008b000000, 0x000000008b000000|100%| E|CS|TAMS 0x000000008af00000, 0x000000008af00000| Complete 
| 176|0x000000008b000000, 0x000000008b100000, 0x000000008b100000|100%| E|CS|TAMS 0x000000008b000000, 0x000000008b000000| Complete 
| 177|0x000000008b100000, 0x000000008b200000, 0x000000008b200000|100%| E|CS|TAMS 0x000000008b100000, 0x000000008b100000| Complete 
| 178|0x000000008b200000, 0x000000008b300000, 0x000000008b300000|100%| E|CS|TAMS 0x000000008b200000, 0x000000008b200000| Complete 
| 179|0x000000008b300000, 0x000000008b400000, 0x000000008b400000|100%| E|CS|TAMS 0x000000008b300000, 0x000000008b300000| Complete 
| 180|0x000000008b400000, 0x000000008b500000, 0x000000008b500000|100%| E|CS|TAMS 0x000000008b400000, 0x000000008b400000| Complete 
| 181|0x000000008b500000, 0x000000008b600000, 0x000000008b600000|100%| E|CS|TAMS 0x000000008b500000, 0x000000008b500000| Complete 
| 182|0x000000008b600000, 0x000000008b700000, 0x000000008b700000|100%| E|CS|TAMS 0x000000008b600000, 0x000000008b600000| Complete 
| 183|0x000000008b700000, 0x000000008b800000, 0x000000008b800000|100%| E|CS|TAMS 0x000000008b700000, 0x000000008b700000| Complete 
| 184|0x000000008b800000, 0x000000008b900000, 0x000000008b900000|100%| E|CS|TAMS 0x000000008b800000, 0x000000008b800000| Complete 
| 185|0x000000008b900000, 0x000000008ba00000, 0x000000008ba00000|100%| E|CS|TAMS 0x000000008b900000, 0x000000008b900000| Complete 
| 186|0x000000008ba00000, 0x000000008bb00000, 0x000000008bb00000|100%| E|CS|TAMS 0x000000008ba00000, 0x000000008ba00000| Complete 
| 187|0x000000008bb00000, 0x000000008bc00000, 0x000000008bc00000|100%| E|CS|TAMS 0x000000008bb00000, 0x000000008bb00000| Complete 
| 188|0x000000008bc00000, 0x000000008bd00000, 0x000000008bd00000|100%| E|CS|TAMS 0x000000008bc00000, 0x000000008bc00000| Complete 
| 189|0x000000008bd00000, 0x000000008be00000, 0x000000008be00000|100%| E|CS|TAMS 0x000000008bd00000, 0x000000008bd00000| Complete 
| 190|0x000000008be00000, 0x000000008bf00000, 0x000000008bf00000|100%| E|CS|TAMS 0x000000008be00000, 0x000000008be00000| Complete 
| 191|0x000000008bf00000, 0x000000008c000000, 0x000000008c000000|100%| E|CS|TAMS 0x000000008bf00000, 0x000000008bf00000| Complete 
| 192|0x000000008c000000, 0x000000008c100000, 0x000000008c100000|100%| E|CS|TAMS 0x000000008c000000, 0x000000008c000000| Complete 
| 193|0x000000008c100000, 0x000000008c200000, 0x000000008c200000|100%| E|CS|TAMS 0x000000008c100000, 0x000000008c100000| Complete 
| 194|0x000000008c200000, 0x000000008c300000, 0x000000008c300000|100%| E|CS|TAMS 0x000000008c200000, 0x000000008c200000| Complete 
| 195|0x000000008c300000, 0x000000008c400000, 0x000000008c400000|100%| E|CS|TAMS 0x000000008c300000, 0x000000008c300000| Complete 
| 196|0x000000008c400000, 0x000000008c500000, 0x000000008c500000|100%| E|  |TAMS 0x000000008c400000, 0x000000008c400000| Complete 
| 197|0x000000008c500000, 0x000000008c600000, 0x000000008c600000|100%| E|CS|TAMS 0x000000008c500000, 0x000000008c500000| Complete 
| 198|0x000000008c600000, 0x000000008c700000, 0x000000008c700000|100%| E|CS|TAMS 0x000000008c600000, 0x000000008c600000| Complete 
| 199|0x000000008c700000, 0x000000008c800000, 0x000000008c800000|100%| E|CS|TAMS 0x000000008c700000, 0x000000008c700000| Complete 
| 200|0x000000008c800000, 0x000000008c900000, 0x000000008c900000|100%| E|CS|TAMS 0x000000008c800000, 0x000000008c800000| Complete 
| 201|0x000000008c900000, 0x000000008ca00000, 0x000000008ca00000|100%| E|CS|TAMS 0x000000008c900000, 0x000000008c900000| Complete 
| 202|0x000000008ca00000, 0x000000008cb00000, 0x000000008cb00000|100%| E|CS|TAMS 0x000000008ca00000, 0x000000008ca00000| Complete 
| 203|0x000000008cb00000, 0x000000008cc00000, 0x000000008cc00000|100%| E|CS|TAMS 0x000000008cb00000, 0x000000008cb00000| Complete 
| 204|0x000000008cc00000, 0x000000008cd00000, 0x000000008cd00000|100%| E|CS|TAMS 0x000000008cc00000, 0x000000008cc00000| Complete 
| 205|0x000000008cd00000, 0x000000008cd600d8, 0x000000008ce00000| 37%| S|CS|TAMS 0x000000008cd00000, 0x000000008cd00000| Complete 
| 206|0x000000008ce00000, 0x000000008cf00000, 0x000000008cf00000|100%| S|CS|TAMS 0x000000008ce00000, 0x000000008ce00000| Complete 
| 207|0x000000008cf00000, 0x000000008d000000, 0x000000008d000000|100%| E|CS|TAMS 0x000000008cf00000, 0x000000008cf00000| Complete 

Card table byte_map: [0x0000028299010000,0x0000028299410000] _byte_map_base: 0x0000028298c10000

Marking Bits (Prev, Next): (CMBitMap*) 0x000002828034af30, (CMBitMap*) 0x000002828034af70
 Prev Bits: [0x0000028299810000, 0x000002829b810000)
 Next Bits: [0x000002829b810000, 0x000002829d810000)

Polling page: 0x00000282801a0000

Metaspace:

Usage:
  Non-class:     60.72 MB used.
      Class:     10.09 MB used.
       Both:     70.81 MB used.

Virtual space:
  Non-class space:       64.00 MB reserved,      61.19 MB ( 96%) committed,  1 nodes.
      Class space:      416.00 MB reserved,      10.50 MB (  3%) committed,  1 nodes.
             Both:      480.00 MB reserved,      71.69 MB ( 15%) committed. 

Chunk freelists:
   Non-Class:  2.79 MB
       Class:  5.53 MB
        Both:  8.32 MB

MaxMetaspaceSize: 512.00 MB
CompressedClassSpaceSize: 416.00 MB
Initial GC threshold: 21.00 MB
Current GC threshold: 105.94 MB
CDS: on
MetaspaceReclaimPolicy: balanced
 - commit_granule_bytes: 65536.
 - commit_granule_words: 8192.
 - virtual_space_node_default_size: 8388608.
 - enlarge_chunks_in_place: 1.
 - new_chunks_are_fully_committed: 0.
 - uncommit_free_chunks: 1.
 - use_allocation_guard: 0.
 - handle_deallocations: 1.


Internal statistics:

num_allocs_failed_limit: 6.
num_arena_births: 1196.
num_arena_deaths: 0.
num_vsnodes_births: 2.
num_vsnodes_deaths: 0.
num_space_committed: 1147.
num_space_uncommitted: 0.
num_chunks_returned_to_freelist: 6.
num_chunks_taken_from_freelist: 4431.
num_chunk_merges: 6.
num_chunk_splits: 2803.
num_chunks_enlarged: 1711.
num_inconsistent_stats: 0.

CodeHeap 'non-profiled nmethods': size=120000Kb used=5481Kb max_used=5481Kb free=114518Kb
 bounds [0x00000282910c0000, 0x0000028291620000, 0x00000282985f0000]
CodeHeap 'profiled nmethods': size=120000Kb used=18275Kb max_used=18275Kb free=101724Kb
 bounds [0x00000282895f0000, 0x000002828a7d0000, 0x0000028290b20000]
CodeHeap 'non-nmethods': size=5760Kb used=2383Kb max_used=2487Kb free=3376Kb
 bounds [0x0000028290b20000, 0x0000028290db0000, 0x00000282910c0000]
 total_blobs=10262 nmethods=9349 adapters=825
 compilation: enabled
              stopped_count=0, restarted_count=0
 full_count=0

Compilation events (20 events):
Event: 261.290 Thread 0x00000282c1680d00 10133       4       com.google.common.collect.ImmutableSet::of (9 bytes)
Event: 261.292 Thread 0x00000282c1680d00 nmethod 10133 0x0000028291613790 code [0x0000028291613920, 0x0000028291613a78]
Event: 261.292 Thread 0x000002829fe79310 10134       3       org.gradle.internal.component.external.model.LazyVariantBackedConfigurationMetadata$RuleAwareVariant::getName (10 bytes)
Event: 261.293 Thread 0x000002829fe79310 nmethod 10134 0x000002828a7c2110 code [0x000002828a7c22c0, 0x000002828a7c2488]
Event: 261.295 Thread 0x000002829fe79310 10135       3       org.gradle.internal.component.external.model.DefaultConfigurationMetadata::getArtifacts (32 bytes)
Event: 261.295 Thread 0x000002829fe79310 nmethod 10135 0x000002828a7c2590 code [0x000002828a7c2740, 0x000002828a7c2b68]
Event: 261.295 Thread 0x000002829fe79310 10136       3       com.google.common.cache.LocalCache$Segment::drainValueReferenceQueue (43 bytes)
Event: 261.296 Thread 0x000002829fe79310 nmethod 10136 0x000002828a7c2c90 code [0x000002828a7c2e80, 0x000002828a7c3458]
Event: 261.298 Thread 0x000002829fe79310 10137       3       org.gradle.internal.component.model.ImmutableModuleSources::getSource (50 bytes)
Event: 261.299 Thread 0x000002829fe79310 nmethod 10137 0x000002828a7c3690 code [0x000002828a7c38c0, 0x000002828a7c4088]
Event: 261.299 Thread 0x000002829fe79310 10138       3       org.gradle.internal.component.model.DefaultExternalComponentGraphResolveState$ExternalArtifactResolveMetadata::getModuleVersionId (10 bytes)
Event: 261.299 Thread 0x000002829fe79310 nmethod 10138 0x000002828a7c4310 code [0x000002828a7c44c0, 0x000002828a7c4688]
Event: 261.300 Thread 0x000002829fe79310 10139   !   3       org.gradle.api.internal.artifacts.ivyservice.resolveengine.artifact.VariantResolvingArtifactSet::select (178 bytes)
Event: 261.301 Thread 0x000002829fe79310 nmethod 10139 0x000002828a7c4790 code [0x000002828a7c4a60, 0x000002828a7c5928]
Event: 261.301 Thread 0x000002829fe79310 10140       3       org.gradle.internal.resources.AbstractResourceLockRegistry::getResourceLocksByCurrentThread (11 bytes)
Event: 261.301 Thread 0x000002829fe79310 nmethod 10140 0x000002828a7c5d90 code [0x000002828a7c5f40, 0x000002828a7c60b8]
Event: 261.304 Thread 0x000002829fe79310 10141       3       org.gradle.api.internal.attributes.DefaultImmutableAttributesContainer::uncachedCoerce (147 bytes)
Event: 261.306 Thread 0x000002829fe79310 nmethod 10141 0x000002828a7c6190 code [0x000002828a7c65c0, 0x000002828a7c8328]
Event: 261.307 Thread 0x00000282c1680d00 10142       4       com.google.common.collect.ImmutableMap$Builder::build (170 bytes)
Event: 261.311 Thread 0x000002829fe79310 10143       1       org.gradle.api.internal.attributes.matching.CachingAttributeSelectionSchema$MatchValueKey::access$100 (5 bytes)

GC Heap History (20 events):
Event: 20.987 GC heap before
{Heap before GC invocations=19 (full 0):
 garbage-first heap   total 89088K, used 55512K [0x0000000080000000, 0x0000000100000000)
  region size 1024K, 4 young (4096K), 3 survivors (3072K)
 Metaspace       used 56187K, committed 56832K, reserved 491520K
  class space    used 7895K, committed 8192K, reserved 425984K
}
Event: 20.992 GC heap after
{Heap after GC invocations=20 (full 0):
 garbage-first heap   total 89088K, used 54209K [0x0000000080000000, 0x0000000100000000)
  region size 1024K, 1 young (1024K), 1 survivors (1024K)
 Metaspace       used 56187K, committed 56832K, reserved 491520K
  class space    used 7895K, committed 8192K, reserved 425984K
}
Event: 21.406 GC heap before
{Heap before GC invocations=20 (full 0):
 garbage-first heap   total 89088K, used 74689K [0x0000000080000000, 0x0000000100000000)
  region size 1024K, 21 young (21504K), 1 survivors (1024K)
 Metaspace       used 57666K, committed 58368K, reserved 491520K
  class space    used 8101K, committed 8448K, reserved 425984K
}
Event: 21.409 GC heap after
{Heap after GC invocations=21 (full 0):
 garbage-first heap   total 89088K, used 54879K [0x0000000080000000, 0x0000000100000000)
  region size 1024K, 1 young (1024K), 1 survivors (1024K)
 Metaspace       used 57666K, committed 58368K, reserved 491520K
  class space    used 8101K, committed 8448K, reserved 425984K
}
Event: 21.747 GC heap before
{Heap before GC invocations=22 (full 0):
 garbage-first heap   total 102400K, used 74335K [0x0000000080000000, 0x0000000100000000)
  region size 1024K, 20 young (20480K), 1 survivors (1024K)
 Metaspace       used 58767K, committed 59456K, reserved 491520K
  class space    used 8253K, committed 8576K, reserved 425984K
}
Event: 21.751 GC heap after
{Heap after GC invocations=23 (full 0):
 garbage-first heap   total 102400K, used 55386K [0x0000000080000000, 0x0000000100000000)
  region size 1024K, 2 young (2048K), 2 survivors (2048K)
 Metaspace       used 58767K, committed 59456K, reserved 491520K
  class space    used 8253K, committed 8576K, reserved 425984K
}
Event: 21.850 GC heap before
{Heap before GC invocations=23 (full 0):
 garbage-first heap   total 102400K, used 58458K [0x0000000080000000, 0x0000000100000000)
  region size 1024K, 5 young (5120K), 2 survivors (2048K)
 Metaspace       used 59136K, committed 59840K, reserved 491520K
  class space    used 8316K, committed 8640K, reserved 425984K
}
Event: 21.857 GC heap after
{Heap after GC invocations=24 (full 0):
 garbage-first heap   total 102400K, used 54984K [0x0000000080000000, 0x0000000100000000)
  region size 1024K, 1 young (1024K), 1 survivors (1024K)
 Metaspace       used 59136K, committed 59840K, reserved 491520K
  class space    used 8316K, committed 8640K, reserved 425984K
}
Event: 23.119 GC heap before
{Heap before GC invocations=24 (full 0):
 garbage-first heap   total 102400K, used 83656K [0x0000000080000000, 0x0000000100000000)
  region size 1024K, 29 young (29696K), 1 survivors (1024K)
 Metaspace       used 61571K, committed 62272K, reserved 491520K
  class space    used 8733K, committed 9024K, reserved 425984K
}
Event: 23.128 GC heap after
{Heap after GC invocations=25 (full 0):
 garbage-first heap   total 102400K, used 56063K [0x0000000080000000, 0x0000000100000000)
  region size 1024K, 2 young (2048K), 2 survivors (2048K)
 Metaspace       used 61571K, committed 62272K, reserved 491520K
  class space    used 8733K, committed 9024K, reserved 425984K
}
Event: 23.872 GC heap before
{Heap before GC invocations=26 (full 0):
 garbage-first heap   total 106496K, used 86783K [0x0000000080000000, 0x0000000100000000)
  region size 1024K, 29 young (29696K), 2 survivors (2048K)
 Metaspace       used 62896K, committed 63552K, reserved 491520K
  class space    used 8935K, committed 9216K, reserved 425984K
}
Event: 23.877 GC heap after
{Heap after GC invocations=27 (full 0):
 garbage-first heap   total 106496K, used 60403K [0x0000000080000000, 0x0000000100000000)
  region size 1024K, 3 young (3072K), 3 survivors (3072K)
 Metaspace       used 62896K, committed 63552K, reserved 491520K
  class space    used 8935K, committed 9216K, reserved 425984K
}
Event: 23.952 GC heap before
{Heap before GC invocations=27 (full 0):
 garbage-first heap   total 106496K, used 62451K [0x0000000080000000, 0x0000000100000000)
  region size 1024K, 5 young (5120K), 3 survivors (3072K)
 Metaspace       used 63013K, committed 63680K, reserved 491520K
  class space    used 8954K, committed 9280K, reserved 425984K
}
Event: 23.958 GC heap after
{Heap after GC invocations=28 (full 0):
 garbage-first heap   total 106496K, used 60237K [0x0000000080000000, 0x0000000100000000)
  region size 1024K, 1 young (1024K), 1 survivors (1024K)
 Metaspace       used 63013K, committed 63680K, reserved 491520K
  class space    used 8954K, committed 9280K, reserved 425984K
}
Event: 25.343 GC heap before
{Heap before GC invocations=28 (full 0):
 garbage-first heap   total 106496K, used 87885K [0x0000000080000000, 0x0000000100000000)
  region size 1024K, 29 young (29696K), 1 survivors (1024K)
 Metaspace       used 64368K, committed 65024K, reserved 491520K
  class space    used 9144K, committed 9472K, reserved 425984K
}
Event: 25.349 GC heap after
{Heap after GC invocations=29 (full 0):
 garbage-first heap   total 212992K, used 62217K [0x0000000080000000, 0x0000000100000000)
  region size 1024K, 3 young (3072K), 3 survivors (3072K)
 Metaspace       used 64368K, committed 65024K, reserved 491520K
  class space    used 9144K, committed 9472K, reserved 425984K
}
Event: 34.576 GC heap before
{Heap before GC invocations=30 (full 0):
 garbage-first heap   total 212992K, used 157449K [0x0000000080000000, 0x0000000100000000)
  region size 1024K, 97 young (99328K), 3 survivors (3072K)
 Metaspace       used 70726K, committed 71552K, reserved 491520K
  class space    used 10112K, committed 10496K, reserved 425984K
}
Event: 34.595 GC heap after
{Heap after GC invocations=31 (full 0):
 garbage-first heap   total 212992K, used 69612K [0x0000000080000000, 0x0000000100000000)
  region size 1024K, 10 young (10240K), 10 survivors (10240K)
 Metaspace       used 70726K, committed 71552K, reserved 491520K
  class space    used 10112K, committed 10496K, reserved 425984K
}
Event: 34.721 GC heap before
{Heap before GC invocations=31 (full 0):
 garbage-first heap   total 212992K, used 70636K [0x0000000080000000, 0x0000000100000000)
  region size 1024K, 11 young (11264K), 10 survivors (10240K)
 Metaspace       used 70796K, committed 71616K, reserved 491520K
  class space    used 10123K, committed 10496K, reserved 425984K
}
Event: 34.744 GC heap after
{Heap after GC invocations=32 (full 0):
 garbage-first heap   total 212992K, used 70784K [0x0000000080000000, 0x0000000100000000)
  region size 1024K, 2 young (2048K), 2 survivors (2048K)
 Metaspace       used 70796K, committed 71616K, reserved 491520K
  class space    used 10123K, committed 10496K, reserved 425984K
}

Dll operation events (16 events):
Event: 0.014 Loaded shared library C:\Program Files\Microsoft\jdk-17.0.11.9-hotspot\bin\java.dll
Event: 0.041 Loaded shared library C:\Program Files\Microsoft\jdk-17.0.11.9-hotspot\bin\jsvml.dll
Event: 0.125 Loaded shared library C:\Program Files\Microsoft\jdk-17.0.11.9-hotspot\bin\zip.dll
Event: 0.131 Loaded shared library C:\Program Files\Microsoft\jdk-17.0.11.9-hotspot\bin\instrument.dll
Event: 0.137 Loaded shared library C:\Program Files\Microsoft\jdk-17.0.11.9-hotspot\bin\net.dll
Event: 0.139 Loaded shared library C:\Program Files\Microsoft\jdk-17.0.11.9-hotspot\bin\nio.dll
Event: 0.143 Loaded shared library C:\Program Files\Microsoft\jdk-17.0.11.9-hotspot\bin\zip.dll
Event: 0.554 Loaded shared library C:\Program Files\Microsoft\jdk-17.0.11.9-hotspot\bin\jimage.dll
Event: 0.882 Loaded shared library C:\Program Files\Microsoft\jdk-17.0.11.9-hotspot\bin\verify.dll
Event: 1.116 Loaded shared library C:\Users\HP\.gradle\native\1def1411415f61bf3af743bc5b6707747c0891f09f0c88961ee8f79bc544acac\windows-amd64\native-platform.dll
Event: 1.131 Loaded shared library C:\Users\HP\.gradle\native\0.2.5\x86_64-windows-gnu\gradle-fileevents.dll
Event: 3.376 Loaded shared library C:\Program Files\Microsoft\jdk-17.0.11.9-hotspot\bin\management.dll
Event: 3.381 Loaded shared library C:\Program Files\Microsoft\jdk-17.0.11.9-hotspot\bin\management_ext.dll
Event: 3.756 Loaded shared library C:\Program Files\Microsoft\jdk-17.0.11.9-hotspot\bin\extnet.dll
Event: 4.237 Loaded shared library C:\Program Files\Microsoft\jdk-17.0.11.9-hotspot\bin\sunmscapi.dll
Event: 5.806 Loaded shared library C:\Users\HP\AppData\Local\Temp\native-platform11275294790173333426dir\gradle-fileevents.dll

Deoptimization events (20 events):
Event: 260.821 Thread 0x00000282c46fdfa0 DEOPT PACKING pc=0x0000028291607b44 sp=0x000000a45f7fb110
Event: 260.821 Thread 0x00000282c46fdfa0 DEOPT UNPACKING pc=0x0000028290b769a3 sp=0x000000a45f7fb0b8 mode 2
Event: 260.821 Thread 0x00000282c46fdfa0 Uncommon trap: trap_request=0xffffffde fr.pc=0x0000028291607b44 relative=0x00000000000003c4
Event: 260.821 Thread 0x00000282c46fdfa0 Uncommon trap: reason=class_check action=maybe_recompile pc=0x0000028291607b44 method=java.util.stream.ReferencePipeline$7$1.accept(Ljava/lang/Object;)V @ 68 c2
Event: 260.821 Thread 0x00000282c46fdfa0 DEOPT PACKING pc=0x0000028291607b44 sp=0x000000a45f7fb110
Event: 260.821 Thread 0x00000282c46fdfa0 DEOPT UNPACKING pc=0x0000028290b769a3 sp=0x000000a45f7fb0b8 mode 2
Event: 261.193 Thread 0x00000282c46fdfa0 DEOPT PACKING pc=0x0000028289c9b85b sp=0x000000a45f7fb5f0
Event: 261.193 Thread 0x00000282c46fdfa0 DEOPT UNPACKING pc=0x0000028290b77143 sp=0x000000a45f7faad0 mode 0
Event: 261.222 Thread 0x00000282c46fdfa0 Uncommon trap: trap_request=0xffffffc6 fr.pc=0x000002829133b938 relative=0x00000000000007d8
Event: 261.222 Thread 0x00000282c46fdfa0 Uncommon trap: reason=bimorphic_or_optimized_type_check action=maybe_recompile pc=0x000002829133b938 method=java.util.stream.MatchOps$MatchOp.evaluateSequential(Ljava/util/stream/PipelineHelper;Ljava/util/Spliterator;)Ljava/lang/Boolean; @ 14 c2
Event: 261.222 Thread 0x00000282c46fdfa0 DEOPT PACKING pc=0x000002829133b938 sp=0x000000a45f7f8550
Event: 261.222 Thread 0x00000282c46fdfa0 DEOPT UNPACKING pc=0x0000028290b769a3 sp=0x000000a45f7f8488 mode 2
Event: 261.237 Thread 0x00000282c46fdfa0 Uncommon trap: trap_request=0xffffffde fr.pc=0x00000282915833bc relative=0x00000000000006fc
Event: 261.237 Thread 0x00000282c46fdfa0 Uncommon trap: reason=class_check action=maybe_recompile pc=0x00000282915833bc method=org.gradle.cache.internal.LockOnDemandCrossProcessCacheAccess.incrementLockCount()V @ 97 c2
Event: 261.237 Thread 0x00000282c46fdfa0 DEOPT PACKING pc=0x00000282915833bc sp=0x000000a45f7f6c40
Event: 261.237 Thread 0x00000282c46fdfa0 DEOPT UNPACKING pc=0x0000028290b769a3 sp=0x000000a45f7f6bf0 mode 2
Event: 261.271 Thread 0x00000282c46fdfa0 Uncommon trap: trap_request=0xffffffbe fr.pc=0x0000028291585a68 relative=0x00000000000001c8
Event: 261.271 Thread 0x00000282c46fdfa0 Uncommon trap: reason=profile_predicate action=maybe_recompile pc=0x0000028291585a68 method=java.util.LinkedHashMap.keysToArray([Ljava/lang/Object;)[Ljava/lang/Object; @ 12 c2
Event: 261.271 Thread 0x00000282c46fdfa0 DEOPT PACKING pc=0x0000028291585a68 sp=0x000000a45f7f5ca0
Event: 261.271 Thread 0x00000282c46fdfa0 DEOPT UNPACKING pc=0x0000028290b769a3 sp=0x000000a45f7f5c58 mode 2

Classes unloaded (0 events):
No events

Classes redefined (0 events):
No events

Internal exceptions (20 events):
Event: 44.199 Thread 0x00000282c0a18df0 Implicit null exception at 0x0000028291247660 to 0x0000028291247820
Event: 44.199 Thread 0x00000282c0a18df0 Implicit null exception at 0x0000028291161a49 to 0x00000282911637f0
Event: 44.251 Thread 0x00000282c0a18df0 Exception <a 'java/lang/NoSuchMethodError'{0x000000008b377d68}: 'void java.lang.invoke.DirectMethodHandle$Holder.invokeSpecial(java.lang.Object, java.lang.Object, int)'> (0x000000008b377d68) 
thrown [s\src\hotspot\share\interpreter\linkResolver.cpp, line 759]
Event: 44.270 Thread 0x00000282c0a18df0 Exception <a 'java/lang/NoSuchMethodError'{0x000000008b3efee8}: 'void java.lang.invoke.DirectMethodHandle$Holder.invokeStatic(java.lang.Object, int, java.lang.Object)'> (0x000000008b3efee8) 
thrown [s\src\hotspot\share\interpreter\linkResolver.cpp, line 759]
Event: 45.168 Thread 0x00000282c01b3070 Exception <a 'java/lang/NoSuchMethodError'{0x000000008aa10e60}: static Lorg/gradle/tooling/internal/provider/serialization/ClassLoaderDetails;.<clinit>()V> (0x000000008aa10e60) 
thrown [s\src\hotspot\share\prims\jni.cpp, line 1112]
Event: 45.170 Thread 0x00000282c01b3070 Exception <a 'java/lang/NoSuchMethodError'{0x000000008aa235a0}: static Lorg/gradle/tooling/internal/provider/serialization/WellKnownClassLoaderRegistry$KnownClassLoaderSpec;.<clinit>()V> (0x000000008aa235a0) 
thrown [s\src\hotspot\share\prims\jni.cpp, line 1112]
Event: 45.170 Thread 0x00000282c01b3070 Exception <a 'java/lang/NoSuchMethodError'{0x000000008aa24c18}: static Lorg/gradle/internal/classloader/ClassLoaderSpec;.<clinit>()V> (0x000000008aa24c18) 
thrown [s\src\hotspot\share\prims\jni.cpp, line 1112]
Event: 45.172 Thread 0x00000282c01b3070 Exception <a 'java/lang/NoSuchMethodError'{0x000000008aa375a8}: static Lorg/gradle/internal/classloader/ClassLoaderSpec;.<clinit>()V> (0x000000008aa375a8) 
thrown [s\src\hotspot\share\prims\jni.cpp, line 1112]
Event: 45.173 Thread 0x00000282c01b3070 Exception <a 'java/lang/NoSuchMethodError'{0x000000008aa43740}: static Lorg/gradle/internal/classloader/VisitableURLClassLoader$Spec;.<clinit>()V> (0x000000008aa43740) 
thrown [s\src\hotspot\share\prims\jni.cpp, line 1112]
Event: 45.329 Thread 0x00000282c46fb720 Exception <a 'sun/nio/fs/WindowsException'{0x000000008a9d80c8}> (0x000000008a9d80c8) 
thrown [s\src\hotspot\share\prims\jni.cpp, line 516]
Event: 45.329 Thread 0x00000282c46fb720 Exception <a 'sun/nio/fs/WindowsException'{0x000000008a9de880}> (0x000000008a9de880) 
thrown [s\src\hotspot\share\prims\jni.cpp, line 516]
Event: 45.329 Thread 0x00000282c46fb720 Exception <a 'sun/nio/fs/WindowsException'{0x000000008a9e1860}> (0x000000008a9e1860) 
thrown [s\src\hotspot\share\prims\jni.cpp, line 516]
Event: 261.199 Thread 0x00000282c46fdfa0 Exception <a 'sun/nio/fs/WindowsException'{0x000000008a150c78}> (0x000000008a150c78) 
thrown [s\src\hotspot\share\prims\jni.cpp, line 516]
Event: 261.200 Thread 0x00000282c46fdfa0 Exception <a 'sun/nio/fs/WindowsException'{0x000000008a1521e0}> (0x000000008a1521e0) 
thrown [s\src\hotspot\share\prims\jni.cpp, line 516]
Event: 261.200 Thread 0x00000282c46fdfa0 Exception <a 'sun/nio/fs/WindowsException'{0x000000008a153748}> (0x000000008a153748) 
thrown [s\src\hotspot\share\prims\jni.cpp, line 516]
Event: 261.200 Thread 0x00000282c46fdfa0 Exception <a 'sun/nio/fs/WindowsException'{0x000000008a154c88}> (0x000000008a154c88) 
thrown [s\src\hotspot\share\prims\jni.cpp, line 516]
Event: 261.246 Thread 0x00000282c46fdfa0 Exception <a 'sun/nio/fs/WindowsException'{0x000000008a08bd88}> (0x000000008a08bd88) 
thrown [s\src\hotspot\share\prims\jni.cpp, line 516]
Event: 261.247 Thread 0x00000282c46fdfa0 Exception <a 'sun/nio/fs/WindowsException'{0x000000008a08d840}> (0x000000008a08d840) 
thrown [s\src\hotspot\share\prims\jni.cpp, line 516]
Event: 261.247 Thread 0x00000282c46fdfa0 Exception <a 'sun/nio/fs/WindowsException'{0x000000008a08f2f8}> (0x000000008a08f2f8) 
thrown [s\src\hotspot\share\prims\jni.cpp, line 516]
Event: 261.248 Thread 0x00000282c46fdfa0 Exception <a 'sun/nio/fs/WindowsException'{0x000000008a090d88}> (0x000000008a090d88) 
thrown [s\src\hotspot\share\prims\jni.cpp, line 516]

VM Operations (20 events):
Event: 165.110 Executing VM operation: Cleanup
Event: 165.110 Executing VM operation: Cleanup done
Event: 168.146 Executing VM operation: Cleanup
Event: 168.146 Executing VM operation: Cleanup done
Event: 181.232 Executing VM operation: Cleanup
Event: 181.232 Executing VM operation: Cleanup done
Event: 184.254 Executing VM operation: Cleanup
Event: 184.254 Executing VM operation: Cleanup done
Event: 188.282 Executing VM operation: Cleanup
Event: 188.282 Executing VM operation: Cleanup done
Event: 205.367 Executing VM operation: Cleanup
Event: 205.368 Executing VM operation: Cleanup done
Event: 224.531 Executing VM operation: Cleanup
Event: 224.531 Executing VM operation: Cleanup done
Event: 254.741 Executing VM operation: Cleanup
Event: 254.741 Executing VM operation: Cleanup done
Event: 258.767 Executing VM operation: Cleanup
Event: 258.767 Executing VM operation: Cleanup done
Event: 260.777 Executing VM operation: Cleanup
Event: 260.778 Executing VM operation: Cleanup done

Events (20 events):
Event: 260.779 Thread 0x00000282c46fcb60 Thread added: 0x00000282c46fcb60
Event: 260.780 loading class jdk/internal/math/FormattedFloatingDecimal$Form
Event: 260.781 loading class jdk/internal/math/FormattedFloatingDecimal$Form done
Event: 260.781 loading class jdk/internal/math/FormattedFloatingDecimal
Event: 260.782 loading class jdk/internal/math/FormattedFloatingDecimal done
Event: 260.782 loading class jdk/internal/math/FormattedFloatingDecimal$1
Event: 260.782 loading class jdk/internal/math/FormattedFloatingDecimal$1 done
Event: 260.783 loading class jdk/internal/math/FormattedFloatingDecimal$2
Event: 260.783 loading class jdk/internal/math/FormattedFloatingDecimal$2 done
Event: 260.784 Thread 0x00000282c46f9dd0 Thread added: 0x00000282c46f9dd0
Event: 260.785 Thread 0x00000282c46fa7f0 Thread added: 0x00000282c46fa7f0
Event: 260.797 Thread 0x00000282c46fd580 Thread added: 0x00000282c46fd580
Event: 260.814 Thread 0x00000282c46ff3e0 Thread added: 0x00000282c46ff3e0
Event: 261.203 Thread 0x00000282c46feed0 Thread added: 0x00000282c46feed0
Event: 261.214 Thread 0x00000282c46fad00 Thread added: 0x00000282c46fad00
Event: 261.216 Thread 0x00000282c46f7f70 Thread added: 0x00000282c46f7f70
Event: 261.224 Thread 0x00000282c46fb720 Thread added: 0x00000282c46fb720
Event: 261.247 Thread 0x00000282c1680d00 Thread added: 0x00000282c1680d00
Event: 261.302 Thread 0x00000282c46fbc30 Thread added: 0x00000282c46fbc30
Event: 261.302 Thread 0x00000282c46f8990 Thread added: 0x00000282c46f8990


Dynamic libraries:
0x00007ff71bbb0000 - 0x00007ff71bbbe000 	C:\Program Files\Microsoft\jdk-17.0.11.9-hotspot\bin\java.exe
0x00007ffd66000000 - 0x00007ffd66207000 	C:\Windows\SYSTEM32\ntdll.dll
0x00007ffd64720000 - 0x00007ffd647dd000 	C:\Windows\System32\KERNEL32.DLL
0x00007ffd63510000 - 0x00007ffd63884000 	C:\Windows\System32\KERNELBASE.dll
0x00007ffd63900000 - 0x00007ffd63a11000 	C:\Windows\System32\ucrtbase.dll
0x00007ffd4acc0000 - 0x00007ffd4acd7000 	C:\Program Files\Microsoft\jdk-17.0.11.9-hotspot\bin\jli.dll
0x00007ffd4ace0000 - 0x00007ffd4acfb000 	C:\Program Files\Microsoft\jdk-17.0.11.9-hotspot\bin\VCRUNTIME140.dll
0x00007ffd64a90000 - 0x00007ffd64c3c000 	C:\Windows\System32\USER32.dll
0x00007ffd634e0000 - 0x00007ffd63506000 	C:\Windows\System32\win32u.dll
0x00007ffd4e040000 - 0x00007ffd4e2e5000 	C:\Windows\WinSxS\amd64_microsoft.windows.common-controls_6595b64144ccf1df_6.0.22000.120_none_9d947278b86cc467\COMCTL32.dll
0x00007ffd64390000 - 0x00007ffd643b9000 	C:\Windows\System32\GDI32.dll
0x00007ffd63e90000 - 0x00007ffd63f33000 	C:\Windows\System32\msvcrt.dll
0x00007ffd63d70000 - 0x00007ffd63e82000 	C:\Windows\System32\gdi32full.dll
0x00007ffd63cd0000 - 0x00007ffd63d6d000 	C:\Windows\System32\msvcp_win.dll
0x00007ffd64850000 - 0x00007ffd64881000 	C:\Windows\System32\IMM32.DLL
0x00007ffd50120000 - 0x00007ffd5012c000 	C:\Program Files\Microsoft\jdk-17.0.11.9-hotspot\bin\vcruntime140_1.dll
0x00007ffd263e0000 - 0x00007ffd2646d000 	C:\Program Files\Microsoft\jdk-17.0.11.9-hotspot\bin\msvcp140.dll
0x00007ffd08080000 - 0x00007ffd08ce6000 	C:\Program Files\Microsoft\jdk-17.0.11.9-hotspot\bin\server\jvm.dll
0x00007ffd651b0000 - 0x00007ffd6525c000 	C:\Windows\System32\ADVAPI32.dll
0x00007ffd650b0000 - 0x00007ffd6514d000 	C:\Windows\System32\sechost.dll
0x00007ffd643d0000 - 0x00007ffd644f1000 	C:\Windows\System32\RPCRT4.dll
0x00007ffd633b0000 - 0x00007ffd633fd000 	C:\Windows\SYSTEM32\POWRPROF.dll
0x00007ffd4c2a0000 - 0x00007ffd4c2a9000 	C:\Windows\SYSTEM32\WSOCK32.dll
0x00007ffd647e0000 - 0x00007ffd6484f000 	C:\Windows\System32\WS2_32.dll
0x00007ffd5f510000 - 0x00007ffd5f543000 	C:\Windows\SYSTEM32\WINMM.dll
0x00007ffd57990000 - 0x00007ffd5799a000 	C:\Windows\SYSTEM32\VERSION.dll
0x00007ffd63390000 - 0x00007ffd633a3000 	C:\Windows\SYSTEM32\UMPDC.dll
0x00007ffd62600000 - 0x00007ffd62618000 	C:\Windows\SYSTEM32\kernel.appcore.dll
0x00007ffd4c120000 - 0x00007ffd4c12a000 	C:\Program Files\Microsoft\jdk-17.0.11.9-hotspot\bin\jimage.dll
0x00007ffd5a2d0000 - 0x00007ffd5a4f1000 	C:\Windows\SYSTEM32\DBGHELP.DLL
0x00007ffd467c0000 - 0x00007ffd467f1000 	C:\Windows\SYSTEM32\dbgcore.DLL
0x00007ffd63a20000 - 0x00007ffd63aa0000 	C:\Windows\System32\bcryptPrimitives.dll
0x00007ffd60c30000 - 0x00007ffd60c3e000 	C:\Program Files\Microsoft\jdk-17.0.11.9-hotspot\bin\instrument.dll
0x00007ffd33190000 - 0x00007ffd331b5000 	C:\Program Files\Microsoft\jdk-17.0.11.9-hotspot\bin\java.dll
0x00007ffd09630000 - 0x00007ffd09707000 	C:\Program Files\Microsoft\jdk-17.0.11.9-hotspot\bin\jsvml.dll
0x00007ffd656b0000 - 0x00007ffd65e5a000 	C:\Windows\System32\SHELL32.dll
0x00007ffd61680000 - 0x00007ffd61ee2000 	C:\Windows\SYSTEM32\windows.storage.dll
0x00007ffd65260000 - 0x00007ffd655d8000 	C:\Windows\System32\combase.dll
0x00007ffd61510000 - 0x00007ffd61676000 	C:\Windows\SYSTEM32\wintypes.dll
0x00007ffd64500000 - 0x00007ffd645ea000 	C:\Windows\System32\SHCORE.dll
0x00007ffd64330000 - 0x00007ffd6438d000 	C:\Windows\System32\shlwapi.dll
0x00007ffd63410000 - 0x00007ffd63431000 	C:\Windows\SYSTEM32\profapi.dll
0x00007ffd32180000 - 0x00007ffd32198000 	C:\Program Files\Microsoft\jdk-17.0.11.9-hotspot\bin\zip.dll
0x00007ffd3d8a0000 - 0x00007ffd3d8b9000 	C:\Program Files\Microsoft\jdk-17.0.11.9-hotspot\bin\net.dll
0x00007ffd592e0000 - 0x00007ffd593ec000 	C:\Windows\SYSTEM32\WINHTTP.dll
0x00007ffd62a10000 - 0x00007ffd62a77000 	C:\Windows\system32\mswsock.dll
0x00007ffd33170000 - 0x00007ffd33186000 	C:\Program Files\Microsoft\jdk-17.0.11.9-hotspot\bin\nio.dll
0x00007ffd60c60000 - 0x00007ffd60c70000 	C:\Program Files\Microsoft\jdk-17.0.11.9-hotspot\bin\verify.dll
0x00007ffd4e970000 - 0x00007ffd4e997000 	C:\Users\HP\.gradle\native\1def1411415f61bf3af743bc5b6707747c0891f09f0c88961ee8f79bc544acac\windows-amd64\native-platform.dll
0x00000000655f0000 - 0x0000000065663000 	C:\Users\HP\.gradle\native\0.2.5\x86_64-windows-gnu\gradle-fileevents.dll
0x00007ffd4b9a0000 - 0x00007ffd4b9a9000 	C:\Program Files\Microsoft\jdk-17.0.11.9-hotspot\bin\management.dll
0x00007ffd4b630000 - 0x00007ffd4b63b000 	C:\Program Files\Microsoft\jdk-17.0.11.9-hotspot\bin\management_ext.dll
0x00007ffd64710000 - 0x00007ffd64718000 	C:\Windows\System32\PSAPI.DLL
0x00007ffd62c50000 - 0x00007ffd62c68000 	C:\Windows\SYSTEM32\CRYPTSP.dll
0x00007ffd62560000 - 0x00007ffd62595000 	C:\Windows\system32\rsaenh.dll
0x00007ffd62b00000 - 0x00007ffd62b29000 	C:\Windows\SYSTEM32\USERENV.dll
0x00007ffd62dd0000 - 0x00007ffd62df7000 	C:\Windows\SYSTEM32\bcrypt.dll
0x00007ffd62c70000 - 0x00007ffd62c7c000 	C:\Windows\SYSTEM32\CRYPTBASE.dll
0x00007ffd62140000 - 0x00007ffd6216d000 	C:\Windows\SYSTEM32\IPHLPAPI.DLL
0x00007ffd643c0000 - 0x00007ffd643c9000 	C:\Windows\System32\NSI.dll
0x00007ffd59bc0000 - 0x00007ffd59bd9000 	C:\Windows\SYSTEM32\dhcpcsvc6.DLL
0x00007ffd5a550000 - 0x00007ffd5a56e000 	C:\Windows\SYSTEM32\dhcpcsvc.DLL
0x00007ffd621b0000 - 0x00007ffd62297000 	C:\Windows\SYSTEM32\DNSAPI.dll
0x00007ffd44550000 - 0x00007ffd44559000 	C:\Program Files\Microsoft\jdk-17.0.11.9-hotspot\bin\extnet.dll
0x00007ffd4b5f0000 - 0x00007ffd4b5fe000 	C:\Program Files\Microsoft\jdk-17.0.11.9-hotspot\bin\sunmscapi.dll
0x00007ffd63aa0000 - 0x00007ffd63c02000 	C:\Windows\System32\CRYPT32.dll
0x00007ffd62da0000 - 0x00007ffd62dc8000 	C:\Windows\SYSTEM32\ncrypt.dll
0x00007ffd62d60000 - 0x00007ffd62d97000 	C:\Windows\SYSTEM32\NTASN1.dll
0x00007ffd4b240000 - 0x00007ffd4b248000 	C:\Windows\system32\wshunix.dll
0x0000000065570000 - 0x00000000655e3000 	C:\Users\HP\AppData\Local\Temp\native-platform11275294790173333426dir\gradle-fileevents.dll
0x00007ffd4b9d0000 - 0x00007ffd4b9e7000 	C:\Windows\system32\napinsp.dll
0x00007ffd4b600000 - 0x00007ffd4b61b000 	C:\Windows\system32\pnrpnsp.dll
0x00007ffd4b290000 - 0x00007ffd4b2a2000 	C:\Windows\System32\winrnr.dll
0x00007ffd56ad0000 - 0x00007ffd56ae5000 	C:\Windows\system32\wshbth.dll
0x00007ffd4b5d0000 - 0x00007ffd4b5ef000 	C:\Windows\system32\nlansp_c.dll
0x00007ffd50070000 - 0x00007ffd5007a000 	C:\Windows\System32\rasadhlp.dll
0x00007ffd55a30000 - 0x00007ffd55ab1000 	C:\Windows\System32\fwpuclnt.dll

dbghelp: loaded successfully - version: 4.0.5 - missing functions: none
symbol engine: initialized successfully - sym options: 0x614 - pdb path: .;C:\Program Files\Microsoft\jdk-17.0.11.9-hotspot\bin;C:\Windows\SYSTEM32;C:\Windows\WinSxS\amd64_microsoft.windows.common-controls_6595b64144ccf1df_6.0.22000.120_none_9d947278b86cc467;C:\Program Files\Microsoft\jdk-17.0.11.9-hotspot\bin\server;C:\Users\HP\.gradle\native\1def1411415f61bf3af743bc5b6707747c0891f09f0c88961ee8f79bc544acac\windows-amd64;C:\Users\HP\.gradle\native\0.2.5\x86_64-windows-gnu;C:\Users\HP\AppData\Local\Temp\native-platform11275294790173333426dir

VM Arguments:
jvm_args: --add-opens=java.base/java.lang=ALL-UNNAMED --add-opens=java.base/java.lang.invoke=ALL-UNNAMED --add-opens=java.base/java.util=ALL-UNNAMED --add-opens=java.prefs/java.util.prefs=ALL-UNNAMED --add-exports=jdk.compiler/com.sun.tools.javac.api=ALL-UNNAMED --add-exports=jdk.compiler/com.sun.tools.javac.util=ALL-UNNAMED --add-opens=java.base/java.util=ALL-UNNAMED --add-opens=java.prefs/java.util.prefs=ALL-UNNAMED --add-opens=java.base/java.nio.charset=ALL-UNNAMED --add-opens=java.base/java.net=ALL-UNNAMED --add-opens=java.base/java.util.concurrent.atomic=ALL-UNNAMED --add-opens=java.xml/javax.xml.namespace=ALL-UNNAMED -XX:MaxMetaspaceSize=512m -Xmx2048m -Dfile.encoding=windows-1252 -Duser.country=US -Duser.language=en -Duser.variant -javaagent:C:\Users\HP\.gradle\wrapper\dists\gradle-8.12-all\ejduaidbjup3bmmkhw3rie4zb\gradle-8.12\lib\agents\gradle-instrumentation-agent-8.12.jar 
java_command: org.gradle.launcher.daemon.bootstrap.GradleDaemon 8.12
java_class_path (initial): C:\Users\HP\.gradle\wrapper\dists\gradle-8.12-all\ejduaidbjup3bmmkhw3rie4zb\gradle-8.12\lib\gradle-daemon-main-8.12.jar
Launcher Type: SUN_STANDARD

[Global flags]
     intx CICompilerCount                          = 3                                         {product} {ergonomic}
   size_t CompressedClassSpaceSize                 = 436207616                                 {product} {ergonomic}
     uint ConcGCThreads                            = 1                                         {product} {ergonomic}
     uint G1ConcRefinementThreads                  = 4                                         {product} {ergonomic}
   size_t G1HeapRegionSize                         = 1048576                                   {product} {ergonomic}
    uintx GCDrainStackTargetSize                   = 64                                        {product} {ergonomic}
   size_t InitialHeapSize                          = 134217728                                 {product} {ergonomic}
   size_t MarkStackSize                            = 4194304                                   {product} {ergonomic}
   size_t MaxHeapSize                              = 2147483648                                {product} {command line}
   size_t MaxMetaspaceSize                         = 536870912                                 {product} {command line}
   size_t MaxNewSize                               = 1287651328                                {product} {ergonomic}
   size_t MinHeapDeltaBytes                        = 1048576                                   {product} {ergonomic}
   size_t MinHeapSize                              = 8388608                                   {product} {ergonomic}
    uintx NonNMethodCodeHeapSize                   = 5832780                                {pd product} {ergonomic}
    uintx NonProfiledCodeHeapSize                  = 122912730                              {pd product} {ergonomic}
    uintx ProfiledCodeHeapSize                     = 122912730                              {pd product} {ergonomic}
    uintx ReservedCodeCacheSize                    = 251658240                              {pd product} {ergonomic}
     bool SegmentedCodeCache                       = true                                      {product} {ergonomic}
   size_t SoftMaxHeapSize                          = 2147483648                             {manageable} {ergonomic}
     bool UseCompressedClassPointers               = true                           {product lp64_product} {ergonomic}
     bool UseCompressedOops                        = true                           {product lp64_product} {ergonomic}
     bool UseG1GC                                  = true                                      {product} {ergonomic}
     bool UseLargePagesIndividualAllocation        = false                                  {pd product} {ergonomic}

Logging:
Log output configuration:
 #0: stdout all=warning uptime,level,tags
 #1: stderr all=off uptime,level,tags

Environment Variables:
JAVA_HOME=C:\Program Files\Microsoft\jdk-17.0.11.9-hotspot\
CLASSPATH=F:\BankingApp\android\\gradle\wrapper\gradle-wrapper.jar
PATH=F:\BankingApp\node_modules\.bin;F:\BankingApp\node_modules\.bin;F:\node_modules\.bin;C:\Users\HP\AppData\Roaming\npm\node_modules\npm\node_modules\@npmcli\run-script\lib\node-gyp-bin;C:\Program Files\Microsoft\jdk-17.0.11.9-hotspot\bin;C:\Windows\system32;C:\Windows;C:\Windows\System32\Wbem;C:\Windows\System32\WindowsPowerShell\v1.0\;C:\Windows\System32\OpenSSH\;C:\ProgramData\chocolatey\bin;C:\Program Files\Git\cmd;C:\Program Files\Microsoft SQL Server\130\Tools\Binn\;C:\Program Files\Microsoft SQL Server\Client SDK\ODBC\170\Tools\Binn\;C:\Program Files (x86)\Microsoft SQL Server\160\DTS\Binn\;C:\Program Files (x86)\Microsoft SQL Server\160\Tools\Binn\;C:\Program Files\Microsoft SQL Server\160\Tools\Binn\;C:\Program Files\Microsoft SQL Server\160\DTS\Binn\;C:\Program Files\nodejs\;C:\Users\HP\AppData\Local\Android\Sdk\tools;C:\Users\HP\AppData\Local\Microsoft\WindowsApps;C:\Users\HP\AppData\Local\Programs\Microsoft VS Code\bin;C:\Program Files\JetBrains\PyCharm Community Edition 2022.3.1\bin;;C:\Users\HP\AppData\Local\Android\Sdk\platform-tools;C:\Users\HP\AppData\Local\Microsoft\WinGet\Packages\Schniz.fnm_Microsoft.Winget.Source_8wekyb3d8bbwe;C:\Users\HP\AppData\Roaming\npm
USERNAME=HP
OS=Windows_NT
PROCESSOR_IDENTIFIER=Intel64 Family 6 Model 78 Stepping 3, GenuineIntel
TMP=C:\Users\HP\AppData\Local\Temp
TEMP=C:\Users\HP\AppData\Local\Temp



Periodic native trim disabled


---------------  S Y S T E M  ---------------

OS:
 Windows 11 , 64 bit Build 22000 (10.0.22000.318)
OS uptime: 4 days 7:06 hours

CPU: total 4 (initial active 4) (2 cores per cpu, 2 threads per core) family 6 model 78 stepping 3 microcode 0xea, cx8, cmov, fxsr, ht, mmx, 3dnowpref, sse, sse2, sse3, ssse3, sse4.1, sse4.2, popcnt, lzcnt, tsc, tscinvbit, avx, avx2, aes, erms, clmul, bmi1, bmi2, rtm, adx, fma, vzeroupper, clflush, clflushopt
Processor Information for all 4 processors :
  Max Mhz: 2496, Current Mhz: 2396, Mhz Limit: 2396

Memory: 4k page, system-wide physical 8072M (464M free)
TotalPageFile size 32648M (AvailPageFile size 6M)
current process WorkingSet (physical memory assigned to process): 411M, peak: 434M
current process commit charge ("private bytes"): 451M, peak: 477M

vm_info: OpenJDK 64-Bit Server VM (17.0.11+9-LTS) for windows-amd64 JRE (17.0.11+9-LTS), built on Apr  9 2024 22:05:54 by "MicrosoftCorporation" with MS VC++ 16.10 / 16.11 (VS2019)

END.
